#
# A fatal error has been detected by the Java Runtime Environment:
#
#  SIGSEGV (0xb) at pc=0x0000000107e32d10, pid=1886, tid=17155
#
# JRE version: Java(TM) SE Runtime Environment (8.0_45-b14) (build 1.8.0_45-b14)
# Java VM: Java HotSpot(TM) 64-Bit Server VM (25.45-b02 mixed mode bsd-amd64 compressed oops)
# Problematic frame:
# V  [libjvm.dylib+0x432d10]  Method::checked_resolve_jmethod_id(_jmethodID*)+0xe
#
# Failed to write core dump. Core dumps have been disabled. To enable core dumping, try "ulimit -c unlimited" before starting Java again
#
# If you would like to submit a bug report, please visit:
#   http://bugreport.java.com/bugreport/crash.jsp
#

---------------  T H R E A D  ---------------

Current thread (0x00007f8af1848800):  JavaThread "JDWP Transport Listener: dt_socket" daemon [_thread_in_vm, id=17155, stack(0x000070000cb9b000,0x000070000cc9b000)]

siginfo: si_signo: 11 (SIGSEGV), si_code: 0 (unknown), si_addr: 0x0000000000000000

Registers:
RAX=0x0000000000000001, RBX=0x000070000cc9aa8b, RCX=0x00000001081fa190, RDX=0x000070000cc9aa8b
RSP=0x000070000cc9a9d0, RBP=0x000070000cc9a9e0, RSI=0x00007f8af1848800, RDI=0x0002000000000000
R8 =0x0000000000000000, R9 =0x00007f8af1527270, R10=0x0000000000000001, R11=0x0000000000000001
R12=0x00007f8af1848800, R13=0x0002000000000000, R14=0x0002000000000000, R15=0x00007f8af17000c0
RIP=0x0000000107e32d10, EFLAGS=0x0000000000010206, ERR=0x0000000000000000
  TRAPNO=0x000000000000000d

Top of Stack: (sp=0x000070000cc9a9d0)
0x000070000cc9a9d0:   000070000cc9aa8b 000070000cc9aa8b
0x000070000cc9a9e0:   000070000cc9aa40 0000000107d430d6
0x000070000cc9a9f0:   00007f8af1848800 0000000000000000
0x000070000cc9aa00:   0000000000000000 0000000000000000
0x000070000cc9aa10:   00007f8af1848800 00007f8af1848800
0x000070000cc9aa20:   000070000cc9aa8b 000070000cc9aa90
0x000070000cc9aa30:   0002000000000000 0000000000000003
0x000070000cc9aa40:   000070000cc9aa60 0000000107163780
0x000070000cc9aa50:   0000000000000001 000070000cc9ab08
0x000070000cc9aa60:   000070000cc9aad0 00000001071481f3
0x000070000cc9aa70:   000070000cc9aaa0 00007f8af1525cc0
0x000070000cc9aa80:   0000000400000032 0000000900c9ab08
0x000070000cc9aa90:   0000000000000000 0000000000000000
0x000070000cc9aaa0:   0000000000000000 000070000cc9ac90
0x000070000cc9aab0:   000000010716ae7a 00007f8af1746870
0x000070000cc9aac0:   000070000cc9ab08 0000000107176598
0x000070000cc9aad0:   000070000cc9aae0 00000001071482ec
0x000070000cc9aae0:   000070000cc9ad00 0000000107151898
0x000070000cc9aaf0:   0001424800000013 00000000000f0200
0x000070000cc9ab00:   00007f8af1743cc0 000070000cc9ac13
0x000070000cc9ab10:   00007f8a00000071 000070000cc9ab20
0x000070000cc9ab20:   00007f8a000000bb 000070000cc9ab58
0x000070000cc9ab30:   0000000000000000 0000000000000000
0x000070000cc9ab40:   000142480000000f 00007f8a0000ec80
0x000070000cc9ab50:   000070000cc9ab58 8a7f000004000000
0x000070000cc9ab60:   0c000000207252f1 526e4f65426e6163
0x000070000cc9ab70:   0600000065676e61 00005a2949494928
0x000070000cc9ab80:   00000a0000000000 000070fb43f18a7f
0x000070000cc9ab90:   6863726165730600 616a4c2814000000
0x000070000cc9aba0:   2f6c6974752f6176 4929493b7473694c
0x000070000cc9abb0:   616a4c2829000000 2f6c6974752f6176
0x000070000cc9abc0:   616a4c3c7473694c 2f676e616c2f6176 

Instructions: (pc=0x0000000107e32d10)
0x0000000107e32cf0:   40 48 48 85 c0 75 e0 30 c0 0f b6 c0 5d c3 31 c0
0x0000000107e32d00:   5d c3 55 48 89 e5 53 48 83 ec 08 48 85 ff 74 24
0x0000000107e32d10:   48 8b 1f 48 85 db 74 1c 48 83 fb 37 74 16 48 8b
0x0000000107e32d20:   03 48 89 df ff 50 10 84 c0 b8 00 00 00 00 48 0f 

Register to memory mapping:

RAX=0x0000000000000001 is an unknown value
RBX=0x000070000cc9aa8b is pointing into the stack for thread: 0x00007f8af1848800
RCX=0x00000001081fa190: UseMembar+0 in /Library/Java/JavaVirtualMachines/jdk1.8.0_45.jdk/Contents/Home/jre/lib/server/libjvm.dylib at 0x0000000107a00000
RDX=0x000070000cc9aa8b is pointing into the stack for thread: 0x00007f8af1848800
RSP=0x000070000cc9a9d0 is pointing into the stack for thread: 0x00007f8af1848800
RBP=0x000070000cc9a9e0 is pointing into the stack for thread: 0x00007f8af1848800
RSI=0x00007f8af1848800 is a thread
RDI=0x0002000000000000 is an unknown value
R8 =0x0000000000000000 is an unknown value
R9 =0x00007f8af1527270 is an unknown value
R10=0x0000000000000001 is an unknown value
R11=0x0000000000000001 is an unknown value
R12=0x00007f8af1848800 is a thread
R13=0x0002000000000000 is an unknown value
R14=0x0002000000000000 is an unknown value
R15=0x00007f8af17000c0 is an unknown value


Stack: [0x000070000cb9b000,0x000070000cc9b000],  sp=0x000070000cc9a9d0,  free space=1022k
Native frames: (J=compiled Java code, j=interpreted, Vv=VM code, C=native code)
V  [libjvm.dylib+0x432d10]  Method::checked_resolve_jmethod_id(_jmethodID*)+0xe
V  [libjvm.dylib+0x3430d6]  jvmti_IsMethodSynthetic+0xb2
C  [libjdwp.dylib+0x20780]  isMethodSynthetic+0x63
C  [libjdwp.dylib+0x51f3]  methods1+0x10b
C  [libjdwp.dylib+0x52ec]  methodsWithGeneric+0xe
C  [libjdwp.dylib+0xe898]  debugLoop_run+0x1ce
C  [libjdwp.dylib+0x1f6ba]  attachThread+0x4d
V  [libjvm.dylib+0x38401c]  JvmtiAgentThread::call_start_function()+0x38
V  [libjvm.dylib+0x549acf]  JavaThread::thread_main_inner()+0x9b
V  [libjvm.dylib+0x54b1c0]  JavaThread::run()+0x1c2
V  [libjvm.dylib+0x46ea7e]  java_start(Thread*)+0xf6
C  [libsystem_pthread.dylib+0x3aab]  _pthread_body+0xb4
C  [libsystem_pthread.dylib+0x39f7]  _pthread_body+0x0
C  [libsystem_pthread.dylib+0x31fd]  thread_start+0xd
C  0x0000000000000000


---------------  P R O C E S S  ---------------

Java Threads: ( => current thread )
  0x00007f8af1814000 JavaThread "Service Thread" daemon [_thread_blocked, id=20227, stack(0x000070000d1ad000,0x000070000d2ad000)]
  0x00007f8af202d800 JavaThread "C1 CompilerThread2" daemon [_thread_blocked, id=19715, stack(0x000070000d0aa000,0x000070000d1aa000)]
  0x00007f8af202c800 JavaThread "C2 CompilerThread1" daemon [_thread_blocked, id=19203, stack(0x000070000cfa7000,0x000070000d0a7000)]
  0x00007f8af1813000 JavaThread "C2 CompilerThread0" daemon [_thread_blocked, id=18691, stack(0x000070000cea4000,0x000070000cfa4000)]
  0x00007f8af1849800 JavaThread "JDWP Command Reader" daemon [_thread_in_native, id=18179, stack(0x000070000cda1000,0x000070000cea1000)]
  0x00007f8af202b000 JavaThread "JDWP Event Helper Thread" daemon [_thread_blocked, id=17667, stack(0x000070000cc9e000,0x000070000cd9e000)]
=>0x00007f8af1848800 JavaThread "JDWP Transport Listener: dt_socket" daemon [_thread_in_vm, id=17155, stack(0x000070000cb9b000,0x000070000cc9b000)]
  0x00007f8af1815800 JavaThread "Signal Dispatcher" daemon [_thread_blocked, id=16643, stack(0x000070000ca98000,0x000070000cb98000)]
  0x00007f8af3033800 JavaThread "Finalizer" daemon [_thread_blocked, id=12547, stack(0x000070000c995000,0x000070000ca95000)]
  0x00007f8af1808800 JavaThread "Reference Handler" daemon [_thread_blocked, id=12035, stack(0x000070000c892000,0x000070000c992000)]
  0x00007f8af2803000 JavaThread "main" [_thread_blocked, id=7171, stack(0x000070000c280000,0x000070000c380000)]

Other Threads:
  0x00007f8af201e800 VMThread [stack: 0x000070000c78f000,0x000070000c88f000] [id=11523]
  0x00007f8af305b000 WatcherThread [stack: 0x000070000d2b0000,0x000070000d3b0000] [id=20739]

VM state:not at safepoint (normal execution)

VM Mutex/Monitor currently owned by a thread: None

Heap:
 PSYoungGen      total 18944K, used 5927K [0x00000007aab00000, 0x00000007ac000000, 0x00000007c0000000)
  eden space 16384K, 36% used [0x00000007aab00000,0x00000007ab0c9f88,0x00000007abb00000)
  from space 2560K, 0% used [0x00000007abd80000,0x00000007abd80000,0x00000007ac000000)
  to   space 2560K, 0% used [0x00000007abb00000,0x00000007abb00000,0x00000007abd80000)
 ParOldGen       total 44032K, used 0K [0x0000000780000000, 0x0000000782b00000, 0x00000007aab00000)
  object space 44032K, 0% used [0x0000000780000000,0x0000000780000000,0x0000000782b00000)
 Metaspace       used 4633K, capacity 5190K, committed 5504K, reserved 1056768K
  class space    used 538K, capacity 561K, committed 640K, reserved 1048576K

Card table byte_map: [0x0000000108d29000,0x0000000108f2a000] byte_map_base: 0x0000000105129000

Marking Bits: (ParMarkBitMap*) 0x00000001082c27a0
 Begin Bits: [0x0000000109080000, 0x000000010a080000)
 End Bits:   [0x000000010a080000, 0x000000010b080000)

Polling page: 0x0000000107142000

CodeCache: size=245760Kb used=1688Kb max_used=1704Kb free=244071Kb
 bounds [0x000000010c4df000, 0x000000010c74f000, 0x000000011b4df000]
 total_blobs=526 nmethods=270 adapters=178
 compilation: enabled

Compilation events (10 events):
Event: 0.532 Thread 0x00007f8af1813000  266  s!   4       sun.misc.URLClassPath::getLoader (197 bytes)
Event: 0.532 Thread 0x00007f8af202d800  267       3       java.net.URLStreamHandler::setURL (40 bytes)
Event: 0.533 Thread 0x00007f8af202d800 nmethod 267 0x000000010c67d310 code [0x000000010c67d4a0, 0x000000010c67d8d8]
Event: 0.533 Thread 0x00007f8af202d800  268   !   3       java.net.URL::set (114 bytes)
Event: 0.534 Thread 0x00007f8af202d800 nmethod 268 0x000000010c680990 code [0x000000010c680b80, 0x000000010c6817d8]
Event: 0.536 Thread 0x00007f8af202c800  269  s    4       sun.misc.URLClassPath::getNextLoader (88 bytes)
Event: 0.540 Thread 0x00007f8af202d800  270       1       java.util.zip.ZStreamRef::address (5 bytes)
Event: 0.540 Thread 0x00007f8af202d800 nmethod 270 0x000000010c67d050 code [0x000000010c67d1a0, 0x000000010c67d2b0]
Event: 0.581 Thread 0x00007f8af202c800 nmethod 269 0x000000010c687390 code [0x000000010c687620, 0x000000010c688a10]
Event: 0.582 Thread 0x00007f8af1813000 nmethod 266 0x000000010c689f50 code [0x000000010c68a1e0, 0x000000010c68b570]

GC Heap History (0 events):
No events

Deoptimization events (0 events):
No events

Internal exceptions (7 events):
Event: 0.097 Thread 0x00007f8af2803000 Exception <a 'java/lang/NoSuchMethodError': Method sun.misc.Unsafe.defineClass(Ljava/lang/String;[BII)Ljava/lang/Class; name or signature does not match> (0x00000007aab129d8) thrown at [/Users/java_re/workspace/8-2-build-macosx-x86_64/jdk8u45/3457/hotspot
Event: 0.097 Thread 0x00007f8af2803000 Exception <a 'java/lang/NoSuchMethodError': Method sun.misc.Unsafe.prefetchRead(Ljava/lang/Object;J)V name or signature does not match> (0x00000007aab12c68) thrown at [/Users/java_re/workspace/8-2-build-macosx-x86_64/jdk8u45/3457/hotspot/src/share/vm/prim
Event: 0.296 Thread 0x00007f8af2803000 Exception <a 'java/io/FileNotFoundException'> (0x00000007aad59d78) thrown at [/Users/java_re/workspace/8-2-build-macosx-x86_64/jdk8u45/3457/hotspot/src/share/vm/prims/jni.cpp, line 709]
Event: 0.323 Thread 0x00007f8af2803000 Exception <a 'java/security/PrivilegedActionException'> (0x00000007aad9e918) thrown at [/Users/java_re/workspace/8-2-build-macosx-x86_64/jdk8u45/3457/hotspot/src/share/vm/prims/jvm.cpp, line 1382]
Event: 0.323 Thread 0x00007f8af2803000 Exception <a 'java/security/PrivilegedActionException'> (0x00000007aad9ead0) thrown at [/Users/java_re/workspace/8-2-build-macosx-x86_64/jdk8u45/3457/hotspot/src/share/vm/prims/jvm.cpp, line 1382]
Event: 0.324 Thread 0x00007f8af2803000 Exception <a 'java/security/PrivilegedActionException'> (0x00000007aada1cc0) thrown at [/Users/java_re/workspace/8-2-build-macosx-x86_64/jdk8u45/3457/hotspot/src/share/vm/prims/jvm.cpp, line 1382]
Event: 0.324 Thread 0x00007f8af2803000 Exception <a 'java/security/PrivilegedActionException'> (0x00000007aada1e78) thrown at [/Users/java_re/workspace/8-2-build-macosx-x86_64/jdk8u45/3457/hotspot/src/share/vm/prims/jvm.cpp, line 1382]

Events (10 events):
Event: 156681.378 Executing VM operation: ChangeBreakpoints
Event: 156681.378 Executing VM operation: ChangeBreakpoints done
Event: 156681.379 Executing VM operation: ChangeBreakpoints
Event: 156681.379 Executing VM operation: ChangeBreakpoints done
Event: 156681.380 Executing VM operation: ChangeBreakpoints
Event: 156681.380 Executing VM operation: ChangeBreakpoints done
Event: 156681.401 Executing VM operation: RedefineClasses
Event: 156681.440 Executing VM operation: RedefineClasses done
Event: 156681.606 Executing VM operation: ChangeBreakpoints
Event: 156681.606 Executing VM operation: ChangeBreakpoints done


Dynamic libraries:
0x000000001aa60000 	/System/Library/Frameworks/Cocoa.framework/Versions/A/Cocoa
0x000000001aa60000 	/System/Library/Frameworks/Security.framework/Versions/A/Security
0x000000001aa60000 	/System/Library/Frameworks/ApplicationServices.framework/Versions/A/ApplicationServices
0x000000001aa60000 	/usr/lib/libz.1.dylib
0x000000001aa60000 	/usr/lib/libSystem.B.dylib
0x000000001aa60000 	/usr/lib/libobjc.A.dylib
0x000000001aa60000 	/System/Library/Frameworks/CoreFoundation.framework/Versions/A/CoreFoundation
0x000000001aa60000 	/System/Library/Frameworks/Foundation.framework/Versions/C/Foundation
0x000000001aa60000 	/System/Library/Frameworks/AppKit.framework/Versions/C/AppKit
0x000000001aa60000 	/System/Library/Frameworks/CoreData.framework/Versions/A/CoreData
0x000000001aa60000 	/System/Library/PrivateFrameworks/RemoteViewServices.framework/Versions/A/RemoteViewServices
0x000000001aa60000 	/System/Library/PrivateFrameworks/UIFoundation.framework/Versions/A/UIFoundation
0x000000001aa60000 	/System/Library/PrivateFrameworks/DFRFoundation.framework/Versions/A/DFRFoundation
0x000000001aa60000 	/usr/lib/libenergytrace.dylib
0x000000001aa60000 	/System/Library/PrivateFrameworks/SkyLight.framework/Versions/A/SkyLight
0x000000001aa60000 	/System/Library/Frameworks/CoreGraphics.framework/Versions/A/CoreGraphics
0x000000001aa60000 	/usr/lib/libScreenReader.dylib
0x000000001aa60000 	/System/Library/Frameworks/Accelerate.framework/Versions/A/Accelerate
0x000000001aa60000 	/System/Library/Frameworks/IOSurface.framework/Versions/A/IOSurface
0x000000001aa60000 	/System/Library/Frameworks/AudioToolbox.framework/Versions/A/AudioToolbox
0x000000001aa60000 	/System/Library/Frameworks/AudioUnit.framework/Versions/A/AudioUnit
0x000000001aa60000 	/System/Library/PrivateFrameworks/DataDetectorsCore.framework/Versions/A/DataDetectorsCore
0x000000001aa60000 	/System/Library/PrivateFrameworks/DesktopServicesPriv.framework/Versions/A/DesktopServicesPriv
0x000000001aa60000 	/System/Library/Frameworks/Carbon.framework/Versions/A/Frameworks/HIToolbox.framework/Versions/A/HIToolbox
0x000000001aa60000 	/usr/lib/libicucore.A.dylib
0x000000001aa60000 	/System/Library/Frameworks/QuartzCore.framework/Versions/A/QuartzCore
0x000000001aa60000 	/System/Library/Frameworks/Carbon.framework/Versions/A/Frameworks/SpeechRecognition.framework/Versions/A/SpeechRecognition
0x000000001aa60000 	/usr/lib/libauto.dylib
0x000000001aa60000 	/usr/lib/libxml2.2.dylib
0x000000001aa60000 	/System/Library/PrivateFrameworks/CoreUI.framework/Versions/A/CoreUI
0x000000001aa60000 	/System/Library/Frameworks/CoreAudio.framework/Versions/A/CoreAudio
0x000000001aa60000 	/System/Library/Frameworks/DiskArbitration.framework/Versions/A/DiskArbitration
0x000000001aa60000 	/usr/lib/liblangid.dylib
0x000000001aa60000 	/System/Library/PrivateFrameworks/MultitouchSupport.framework/Versions/A/MultitouchSupport
0x000000001aa60000 	/System/Library/Frameworks/IOKit.framework/Versions/A/IOKit
0x000000001aa60000 	/usr/lib/libDiagnosticMessagesClient.dylib
0x000000001aa60000 	/System/Library/Frameworks/CoreServices.framework/Versions/A/CoreServices
0x000000001aa60000 	/System/Library/PrivateFrameworks/PerformanceAnalysis.framework/Versions/A/PerformanceAnalysis
0x000000001aa60000 	/System/Library/PrivateFrameworks/GenerationalStorage.framework/Versions/A/GenerationalStorage
0x000000001aa60000 	/System/Library/Frameworks/OpenGL.framework/Versions/A/OpenGL
0x000000001aa60000 	/System/Library/Frameworks/CoreImage.framework/Versions/A/CoreImage
0x000000001aa60000 	/System/Library/Frameworks/CoreText.framework/Versions/A/CoreText
0x000000001aa60000 	/System/Library/Frameworks/ImageIO.framework/Versions/A/ImageIO
0x000000001aa60000 	/System/Library/PrivateFrameworks/Backup.framework/Versions/A/Backup
0x000000001aa60000 	/usr/lib/libarchive.2.dylib
0x000000001aa60000 	/System/Library/Frameworks/CFNetwork.framework/Versions/A/CFNetwork
0x000000001aa60000 	/System/Library/Frameworks/SystemConfiguration.framework/Versions/A/SystemConfiguration
0x000000001aa60000 	/usr/lib/libCRFSuite.dylib
0x000000001aa60000 	/usr/lib/libc++.1.dylib
0x000000001aa60000 	/usr/lib/libc++abi.dylib
0x000000001aa60000 	/usr/lib/system/libcache.dylib
0x000000001aa60000 	/usr/lib/system/libcommonCrypto.dylib
0x000000001aa60000 	/usr/lib/system/libcompiler_rt.dylib
0x000000001aa60000 	/usr/lib/system/libcopyfile.dylib
0x000000001aa60000 	/usr/lib/system/libcorecrypto.dylib
0x000000001aa60000 	/usr/lib/system/libdispatch.dylib
0x000000001aa60000 	/usr/lib/system/libdyld.dylib
0x000000001aa60000 	/usr/lib/system/libkeymgr.dylib
0x000000001aa60000 	/usr/lib/system/liblaunch.dylib
0x000000001aa60000 	/usr/lib/system/libmacho.dylib
0x000000001aa60000 	/usr/lib/system/libquarantine.dylib
0x000000001aa60000 	/usr/lib/system/libremovefile.dylib
0x000000001aa60000 	/usr/lib/system/libsystem_asl.dylib
0x000000001aa60000 	/usr/lib/system/libsystem_blocks.dylib
0x000000001aa60000 	/usr/lib/system/libsystem_c.dylib
0x000000001aa60000 	/usr/lib/system/libsystem_configuration.dylib
0x000000001aa60000 	/usr/lib/system/libsystem_coreservices.dylib
0x000000001aa60000 	/usr/lib/system/libsystem_coretls.dylib
0x000000001aa60000 	/usr/lib/system/libsystem_dnssd.dylib
0x000000001aa60000 	/usr/lib/system/libsystem_info.dylib
0x000000001aa60000 	/usr/lib/system/libsystem_kernel.dylib
0x000000001aa60000 	/usr/lib/system/libsystem_m.dylib
0x000000001aa60000 	/usr/lib/system/libsystem_malloc.dylib
0x000000001aa60000 	/usr/lib/system/libsystem_network.dylib
0x000000001aa60000 	/usr/lib/system/libsystem_networkextension.dylib
0x000000001aa60000 	/usr/lib/system/libsystem_notify.dylib
0x000000001aa60000 	/usr/lib/system/libsystem_platform.dylib
0x000000001aa60000 	/usr/lib/system/libsystem_pthread.dylib
0x000000001aa60000 	/usr/lib/system/libsystem_sandbox.dylib
0x000000001aa60000 	/usr/lib/system/libsystem_secinit.dylib
0x000000001aa60000 	/usr/lib/system/libsystem_symptoms.dylib
0x000000001aa60000 	/usr/lib/system/libsystem_trace.dylib
0x000000001aa60000 	/usr/lib/system/libunwind.dylib
0x000000001aa60000 	/usr/lib/system/libxpc.dylib
0x000000001aa60000 	/usr/lib/libbsm.0.dylib
0x000000001aa60000 	/usr/lib/system/libkxld.dylib
0x000000001aa60000 	/usr/lib/libcoretls.dylib
0x000000001aa60000 	/usr/lib/libcoretls_cfhelpers.dylib
0x000000001aa60000 	/usr/lib/libxar.1.dylib
0x000000001aa60000 	/usr/lib/libsqlite3.dylib
0x000000001aa60000 	/usr/lib/libpam.2.dylib
0x000000001aa60000 	/usr/lib/libOpenScriptingUtil.dylib
0x000000001aa60000 	/usr/lib/libbz2.1.0.dylib
0x000000001aa60000 	/usr/lib/liblzma.5.dylib
0x000000001aa60000 	/usr/lib/libnetwork.dylib
0x000000001aa60000 	/usr/lib/libpcap.A.dylib
0x000000001aa60000 	/System/Library/Frameworks/CoreServices.framework/Versions/A/Frameworks/FSEvents.framework/Versions/A/FSEvents
0x000000001aa60000 	/System/Library/Frameworks/CoreServices.framework/Versions/A/Frameworks/CarbonCore.framework/Versions/A/CarbonCore
0x000000001aa60000 	/System/Library/Frameworks/CoreServices.framework/Versions/A/Frameworks/Metadata.framework/Versions/A/Metadata
0x000000001aa60000 	/System/Library/Frameworks/CoreServices.framework/Versions/A/Frameworks/OSServices.framework/Versions/A/OSServices
0x000000001aa60000 	/System/Library/Frameworks/CoreServices.framework/Versions/A/Frameworks/SearchKit.framework/Versions/A/SearchKit
0x000000001aa60000 	/System/Library/Frameworks/CoreServices.framework/Versions/A/Frameworks/AE.framework/Versions/A/AE
0x000000001aa60000 	/System/Library/Frameworks/CoreServices.framework/Versions/A/Frameworks/LaunchServices.framework/Versions/A/LaunchServices
0x000000001aa60000 	/System/Library/Frameworks/CoreServices.framework/Versions/A/Frameworks/DictionaryServices.framework/Versions/A/DictionaryServices
0x000000001aa60000 	/System/Library/Frameworks/CoreServices.framework/Versions/A/Frameworks/SharedFileList.framework/Versions/A/SharedFileList
0x000000001aa60000 	/System/Library/Frameworks/NetFS.framework/Versions/A/NetFS
0x000000001aa60000 	/System/Library/PrivateFrameworks/NetAuth.framework/Versions/A/NetAuth
0x000000001aa60000 	/System/Library/PrivateFrameworks/login.framework/Versions/A/Frameworks/loginsupport.framework/Versions/A/loginsupport
0x000000001aa60000 	/System/Library/PrivateFrameworks/TCC.framework/Versions/A/TCC
0x000000001aa60000 	/usr/lib/libmecabra.dylib
0x000000001aa60000 	/System/Library/Frameworks/ApplicationServices.framework/Versions/A/Frameworks/ATS.framework/Versions/A/ATS
0x000000001aa60000 	/System/Library/Frameworks/ApplicationServices.framework/Versions/A/Frameworks/ColorSync.framework/Versions/A/ColorSync
0x000000001aa60000 	/System/Library/Frameworks/ApplicationServices.framework/Versions/A/Frameworks/HIServices.framework/Versions/A/HIServices
0x000000001aa60000 	/System/Library/Frameworks/ApplicationServices.framework/Versions/A/Frameworks/LangAnalysis.framework/Versions/A/LangAnalysis
0x000000001aa60000 	/System/Library/Frameworks/ApplicationServices.framework/Versions/A/Frameworks/PrintCore.framework/Versions/A/PrintCore
0x000000001aa60000 	/System/Library/Frameworks/ApplicationServices.framework/Versions/A/Frameworks/QD.framework/Versions/A/QD
0x000000001aa60000 	/System/Library/Frameworks/ApplicationServices.framework/Versions/A/Frameworks/SpeechSynthesis.framework/Versions/A/SpeechSynthesis
0x000000001aa60000 	/System/Library/Frameworks/Accelerate.framework/Versions/A/Frameworks/vImage.framework/Versions/A/vImage
0x000000001aa60000 	/System/Library/Frameworks/Accelerate.framework/Versions/A/Frameworks/vecLib.framework/Versions/A/vecLib
0x000000001aa60000 	/System/Library/Frameworks/Accelerate.framework/Versions/A/Frameworks/vecLib.framework/Versions/A/libvDSP.dylib
0x000000001aa60000 	/System/Library/Frameworks/Accelerate.framework/Versions/A/Frameworks/vecLib.framework/Versions/A/libBNNS.dylib
0x000000001aa60000 	/System/Library/Frameworks/Accelerate.framework/Versions/A/Frameworks/vecLib.framework/Versions/A/libQuadrature.dylib
0x000000001aa60000 	/System/Library/Frameworks/Accelerate.framework/Versions/A/Frameworks/vecLib.framework/Versions/A/libvMisc.dylib
0x000000001aa60000 	/System/Library/Frameworks/Accelerate.framework/Versions/A/Frameworks/vecLib.framework/Versions/A/libLAPACK.dylib
0x000000001aa60000 	/System/Library/Frameworks/Accelerate.framework/Versions/A/Frameworks/vecLib.framework/Versions/A/libBLAS.dylib
0x000000001aa60000 	/System/Library/Frameworks/Accelerate.framework/Versions/A/Frameworks/vecLib.framework/Versions/A/libLinearAlgebra.dylib
0x000000001aa60000 	/System/Library/Frameworks/Accelerate.framework/Versions/A/Frameworks/vecLib.framework/Versions/A/libSparseBLAS.dylib
0x000000001aa60000 	/System/Library/Frameworks/ApplicationServices.framework/Versions/A/Frameworks/ATS.framework/Versions/A/Resources/libFontParser.dylib
0x000000001aa60000 	/System/Library/Frameworks/ApplicationServices.framework/Versions/A/Frameworks/ATS.framework/Versions/A/Resources/libFontRegistry.dylib
0x000000001aa60000 	/System/Library/Frameworks/ImageIO.framework/Versions/A/Resources/libJPEG.dylib
0x000000001aa60000 	/System/Library/Frameworks/ImageIO.framework/Versions/A/Resources/libTIFF.dylib
0x000000001aa60000 	/System/Library/Frameworks/ImageIO.framework/Versions/A/Resources/libPng.dylib
0x000000001aa60000 	/System/Library/Frameworks/ImageIO.framework/Versions/A/Resources/libGIF.dylib
0x000000001aa60000 	/System/Library/Frameworks/ImageIO.framework/Versions/A/Resources/libJP2.dylib
0x000000001aa60000 	/System/Library/Frameworks/ImageIO.framework/Versions/A/Resources/libRadiance.dylib
0x000000001aa60000 	/usr/lib/libcompression.dylib
0x000000001aa60000 	/System/Library/PrivateFrameworks/AppleJPEG.framework/Versions/A/AppleJPEG
0x000000001aa60000 	/usr/lib/libcups.2.dylib
0x000000001aa60000 	/System/Library/Frameworks/Kerberos.framework/Versions/A/Kerberos
0x000000001aa60000 	/System/Library/Frameworks/GSS.framework/Versions/A/GSS
0x000000001aa60000 	/usr/lib/libresolv.9.dylib
0x000000001aa60000 	/usr/lib/libiconv.2.dylib
0x000000001aa60000 	/System/Library/PrivateFrameworks/Heimdal.framework/Versions/A/Heimdal
0x000000001aa60000 	/usr/lib/libheimdal-asn1.dylib
0x000000001aa60000 	/System/Library/Frameworks/OpenDirectory.framework/Versions/A/OpenDirectory
0x000000001aa60000 	/System/Library/PrivateFrameworks/CommonAuth.framework/Versions/A/CommonAuth
0x000000001aa60000 	/System/Library/Frameworks/OpenDirectory.framework/Versions/A/Frameworks/CFOpenDirectory.framework/Versions/A/CFOpenDirectory
0x000000001aa60000 	/System/Library/Frameworks/SecurityFoundation.framework/Versions/A/SecurityFoundation
0x000000001aa60000 	/System/Library/PrivateFrameworks/LanguageModeling.framework/Versions/A/LanguageModeling
0x000000001aa60000 	/usr/lib/libmarisa.dylib
0x000000001aa60000 	/usr/lib/libChineseTokenizer.dylib
0x000000001aa60000 	/usr/lib/libcmph.dylib
0x000000001aa60000 	/System/Library/PrivateFrameworks/CoreEmoji.framework/Versions/A/CoreEmoji
0x000000001aa60000 	/System/Library/Frameworks/ServiceManagement.framework/Versions/A/ServiceManagement
0x000000001aa60000 	/usr/lib/libxslt.1.dylib
0x000000001aa60000 	/System/Library/Frameworks/Carbon.framework/Versions/A/Frameworks/Ink.framework/Versions/A/Ink
0x000000001aa60000 	/System/Library/PrivateFrameworks/TextureIO.framework/Versions/A/TextureIO
0x000000001aa60000 	/System/Library/Frameworks/Metal.framework/Versions/A/Metal
0x000000001aa60000 	/usr/lib/libate.dylib
0x000000001aa60000 	/System/Library/PrivateFrameworks/GPUCompiler.framework/libmetal_timestamp.dylib
0x000000001aa60000 	/System/Library/Frameworks/OpenGL.framework/Versions/A/Libraries/libCoreFSCache.dylib
0x000000001aa60000 	/System/Library/PrivateFrameworks/IOAccelerator.framework/Versions/A/IOAccelerator
0x000000001aa60000 	/System/Library/Frameworks/CoreVideo.framework/Versions/A/CoreVideo
0x000000001aa60000 	/usr/lib/libFosl_dynamic.dylib
0x000000001aa60000 	/System/Library/PrivateFrameworks/MetalPerformanceShaders.framework/Versions/A/MetalPerformanceShaders
0x000000001aa60000 	/System/Library/PrivateFrameworks/FaceCore.framework/Versions/A/FaceCore
0x000000001aa60000 	/System/Library/Frameworks/OpenCL.framework/Versions/A/OpenCL
0x000000001aa60000 	/System/Library/Frameworks/OpenGL.framework/Versions/A/Libraries/libGLU.dylib
0x000000001aa60000 	/System/Library/Frameworks/OpenGL.framework/Versions/A/Libraries/libGFXShared.dylib
0x000000001aa60000 	/System/Library/Frameworks/OpenGL.framework/Versions/A/Libraries/libGL.dylib
0x000000001aa60000 	/System/Library/Frameworks/OpenGL.framework/Versions/A/Libraries/libGLImage.dylib
0x000000001aa60000 	/System/Library/Frameworks/OpenGL.framework/Versions/A/Libraries/libCVMSPluginSupport.dylib
0x000000001aa60000 	/System/Library/Frameworks/OpenGL.framework/Versions/A/Libraries/libCoreVMClient.dylib
0x000000001aa60000 	/System/Library/PrivateFrameworks/CrashReporterSupport.framework/Versions/A/CrashReporterSupport
0x000000001aa60000 	/System/Library/PrivateFrameworks/Sharing.framework/Versions/A/Sharing
0x000000001aa60000 	/System/Library/PrivateFrameworks/IconServices.framework/Versions/A/IconServices
0x000000001aa60000 	/System/Library/PrivateFrameworks/ProtocolBuffer.framework/Versions/A/ProtocolBuffer
0x000000001aa60000 	/System/Library/PrivateFrameworks/Apple80211.framework/Versions/A/Apple80211
0x000000001aa60000 	/System/Library/Frameworks/CoreWLAN.framework/Versions/A/CoreWLAN
0x000000001aa60000 	/System/Library/PrivateFrameworks/CoreUtils.framework/Versions/A/CoreUtils
0x000000001aa60000 	/System/Library/Frameworks/IOBluetooth.framework/Versions/A/IOBluetooth
0x000000001aa60000 	/System/Library/PrivateFrameworks/CoreWiFi.framework/Versions/A/CoreWiFi
0x000000001aa60000 	/System/Library/Frameworks/CoreBluetooth.framework/Versions/A/CoreBluetooth
0x000000001aa60000 	/System/Library/Frameworks/CoreDisplay.framework/Versions/A/CoreDisplay
0x000000001aa60000 	/System/Library/PrivateFrameworks/IOPresentment.framework/Versions/A/IOPresentment
0x000000001aa60000 	/System/Library/PrivateFrameworks/DebugSymbols.framework/Versions/A/DebugSymbols
0x000000001aa60000 	/System/Library/PrivateFrameworks/CoreSymbolication.framework/Versions/A/CoreSymbolication
0x000000001aa60000 	/System/Library/PrivateFrameworks/Symbolication.framework/Versions/A/Symbolication
0x000000001aa60000 	/System/Library/PrivateFrameworks/AppleFSCompression.framework/Versions/A/AppleFSCompression
0x000000001aa60000 	/System/Library/PrivateFrameworks/SpeechRecognitionCore.framework/Versions/A/SpeechRecognitionCore
0x000000001aa60000 	/System/Library/PrivateFrameworks/ChunkingLibrary.framework/Versions/A/ChunkingLibrary
0x0000000107a00000 	/Library/Java/JavaVirtualMachines/jdk1.8.0_45.jdk/Contents/Home/jre/lib/server/libjvm.dylib
0x000000001aa60000 	/usr/lib/libstdc++.6.dylib
0x00000001070ff000 	/Library/Java/JavaVirtualMachines/jdk1.8.0_45.jdk/Contents/Home/jre/lib/libverify.dylib
0x000000010710d000 	/Library/Java/JavaVirtualMachines/jdk1.8.0_45.jdk/Contents/Home/jre/lib/libjava.dylib
0x0000000107143000 	/Library/Java/JavaVirtualMachines/jdk1.8.0_45.jdk/Contents/Home/jre/lib/libjdwp.dylib
0x000000010718e000 	/Library/Java/JavaVirtualMachines/jdk1.8.0_45.jdk/Contents/Home/jre/lib/libnpt.dylib
0x000000010719b000 	/Library/Java/JavaVirtualMachines/jdk1.8.0_45.jdk/Contents/Home/jre/lib/libzip.dylib
0x00000001071e1000 	/System/Library/Frameworks/JavaVM.framework/Frameworks/JavaRuntimeSupport.framework/JavaRuntimeSupport
0x000000010c426000 	/System/Library/Frameworks/JavaVM.framework/Versions/A/Frameworks/JavaNativeFoundation.framework/Versions/A/JavaNativeFoundation
0x000000010c43b000 	/System/Library/Frameworks/JavaVM.framework/Versions/A/JavaVM
0x000000001aa60000 	/System/Library/Frameworks/Carbon.framework/Versions/A/Carbon
0x000000010c448000 	/System/Library/PrivateFrameworks/JavaLaunching.framework/Versions/A/JavaLaunching
0x000000001aa60000 	/System/Library/Frameworks/Carbon.framework/Versions/A/Frameworks/CommonPanels.framework/Versions/A/CommonPanels
0x000000001aa60000 	/System/Library/Frameworks/Carbon.framework/Versions/A/Frameworks/Help.framework/Versions/A/Help
0x000000001aa60000 	/System/Library/Frameworks/Carbon.framework/Versions/A/Frameworks/ImageCapture.framework/Versions/A/ImageCapture
0x000000001aa60000 	/System/Library/Frameworks/Carbon.framework/Versions/A/Frameworks/OpenScripting.framework/Versions/A/OpenScripting
0x000000001aa60000 	/System/Library/Frameworks/Carbon.framework/Versions/A/Frameworks/Print.framework/Versions/A/Print
0x000000001aa60000 	/System/Library/Frameworks/Carbon.framework/Versions/A/Frameworks/SecurityHI.framework/Versions/A/SecurityHI
0x000000011d6db000 	/Library/Java/JavaVirtualMachines/jdk1.8.0_45.jdk/Contents/Home/jre/lib/libdt_socket.dylib

VM Arguments:
jvm_args: -agentlib:jdwp=transport=dt_socket,address=127.0.0.1:54388,suspend=y,server=n -ea -Didea.junit.sm_runner -Dfile.encoding=UTF-8 
java_command: com.intellij.rt.execution.junit.JUnitStarter -ideVersion5 RotatedSortedArraySearchTest,test2
java_class_path (initial): /Applications/IntelliJ IDEA.app/Contents/lib/idea_rt.jar:/Applications/IntelliJ IDEA.app/Contents/plugins/junit/lib/junit-rt.jar:/Library/Java/JavaVirtualMachines/jdk1.8.0_45.jdk/Contents/Home/jre/lib/charsets.jar:/Library/Java/JavaVirtualMachines/jdk1.8.0_45.jdk/Contents/Home/jre/lib/deploy.jar:/Library/Java/JavaVirtualMachines/jdk1.8.0_45.jdk/Contents/Home/jre/lib/ext/cldrdata.jar:/Library/Java/JavaVirtualMachines/jdk1.8.0_45.jdk/Contents/Home/jre/lib/ext/dnsns.jar:/Library/Java/JavaVirtualMachines/jdk1.8.0_45.jdk/Contents/Home/jre/lib/ext/jfxrt.jar:/Library/Java/JavaVirtualMachines/jdk1.8.0_45.jdk/Contents/Home/jre/lib/ext/localedata.jar:/Library/Java/JavaVirtualMachines/jdk1.8.0_45.jdk/Contents/Home/jre/lib/ext/nashorn.jar:/Library/Java/JavaVirtualMachines/jdk1.8.0_45.jdk/Contents/Home/jre/lib/ext/sunec.jar:/Library/Java/JavaVirtualMachines/jdk1.8.0_45.jdk/Contents/Home/jre/lib/ext/sunjce_provider.jar:/Library/Java/JavaVirtualMachines/jdk1.8.0_45.jdk/Contents/Home/jre/lib/ext/sunpkcs11.jar:/Library/Java/JavaVirtualMachines/jdk1.8.0_45.jdk/Contents/Home/jre/lib/ext/zipfs.jar:/Library/Java/JavaVirtualMachines/jdk1.8.0_45.jdk/Contents/Home/jre/lib/javaws.jar:/Library/Java/JavaVirtualMachines/jdk1.8.0_45.jdk/Contents/Home/jre/lib/jce.jar:/Library/Java/JavaVirtualMachines/jdk1.8.0_45.jdk/Contents/Home/jre/lib/jfr.jar:/Library/Java/JavaVirtualMachines/jdk1.8.0_45.jdk/Contents/Home/jre/lib/jfxswt.jar:/Library/Java/JavaVirtualMachines/jdk1.8.0_45.jdk/Contents/Home/jre/lib/jsse.jar:/Library/Java/JavaVirtualMachines/jdk1.8.0_45.jdk/Contents/Home/jre/lib/management-agent.jar:/Library/Java/JavaVirtualMachines/jdk1.8.0_45.jdk/Contents/Home/jre/lib/plugin.jar:/Library/Java/JavaVirtualMachines/jdk1.8.0_45.jdk/Contents/Home/jre/lib/resources.jar:/Library/Java/JavaVirtualMachines/jdk1.8.0_45.jdk/Contents/Home/jre/lib/rt.jar:/Library/Java/JavaVirtualMachines/jdk1.8.0_45.jdk/Contents/Home/lib/ant-javafx.jar:/Library/Java/JavaVirtualMachines/jdk1.8.0_45
Launcher Type: SUN_STANDARD

Environment Variables:
PATH=/usr/local/bin:/usr/bin:/bin:/usr/sbin:/sbin:/usr/local/git/bin
SHELL=/bin/bash

Signal Handlers:
SIGSEGV: [libjvm.dylib+0x58ef95], sa_mask[0]=11111111011111110111111111111111, sa_flags=SA_ONSTACK|SA_RESTART|SA_SIGINFO
SIGBUS: [libjvm.dylib+0x58ef95], sa_mask[0]=11111111011111110111111111111111, sa_flags=SA_RESTART|SA_SIGINFO
SIGFPE: [libjvm.dylib+0x46c108], sa_mask[0]=11111111011111110111111111111111, sa_flags=SA_RESTART|SA_SIGINFO
SIGPIPE: [libjvm.dylib+0x46c108], sa_mask[0]=11111111011111110111111111111111, sa_flags=SA_RESTART|SA_SIGINFO
SIGXFSZ: [libjvm.dylib+0x46c108], sa_mask[0]=11111111011111110111111111111111, sa_flags=SA_RESTART|SA_SIGINFO
SIGILL: [libjvm.dylib+0x46c108], sa_mask[0]=11111111011111110111111111111111, sa_flags=SA_RESTART|SA_SIGINFO
SIGUSR1: SIG_DFL, sa_mask[0]=00000000000000000000000000000000, sa_flags=none
SIGUSR2: [libjvm.dylib+0x46bc26], sa_mask[0]=00100000000000000000000000000000, sa_flags=SA_RESTART|SA_SIGINFO
SIGHUP: [libjvm.dylib+0x46a1f9], sa_mask[0]=11111111011111110111111111111111, sa_flags=SA_RESTART|SA_SIGINFO
SIGINT: [libjvm.dylib+0x46a1f9], sa_mask[0]=11111111011111110111111111111111, sa_flags=SA_RESTART|SA_SIGINFO
SIGTERM: [libjvm.dylib+0x46a1f9], sa_mask[0]=11111111011111110111111111111111, sa_flags=SA_RESTART|SA_SIGINFO
SIGQUIT: [libjvm.dylib+0x46a1f9], sa_mask[0]=11111111011111110111111111111111, sa_flags=SA_RESTART|SA_SIGINFO


---------------  S Y S T E M  ---------------

OS:Bsduname:Darwin 16.4.0 Darwin Kernel Version 16.4.0: Thu Dec 22 22:53:21 PST 2016; root:xnu-3789.41.3~3/RELEASE_X86_64 x86_64
rlimit: STACK 8192k, CORE 0k, NPROC 709, NOFILE 10240, AS infinity
load average:8.27 7.20 6.12

CPU:total 4 (2 cores per cpu, 2 threads per core) family 6 model 58 stepping 9, cmov, cx8, fxsr, mmx, sse, sse2, sse3, ssse3, sse4.1, sse4.2, popcnt, avx, aes, clmul, erms, ht, tsc, tscinvbit, tscinv

Memory: 4k page, physical 4194304k(26620k free)

/proc/meminfo:


vm_info: Java HotSpot(TM) 64-Bit Server VM (25.45-b02) for bsd-amd64 JRE (1.8.0_45-b14), built on Apr 10 2015 10:46:38 by "java_re" with gcc 4.2.1 (Based on Apple Inc. build 5658) (LLVM build 2336.11.00)

time: Tue Mar  7 22:50:26 2017
elapsed time: 156681 seconds (1d 19h 31m 21s)

