#
# A fatal error has been detected by the Java Runtime Environment:
#
#  SIGSEGV (0xb) at pc=0x00000001066b9d10, pid=1710, tid=16899
#
# JRE version: Java(TM) SE Runtime Environment (8.0_45-b14) (build 1.8.0_45-b14)
# Java VM: Java HotSpot(TM) 64-Bit Server VM (25.45-b02 mixed mode bsd-amd64 compressed oops)
# Problematic frame:
# V  [libjvm.dylib+0x432d10]  Method::checked_resolve_jmethod_id(_jmethodID*)+0xe
#
# Failed to write core dump. Core dumps have been disabled. To enable core dumping, try "ulimit -c unlimited" before starting Java again
#
# If you would like to submit a bug report, please visit:
#   http://bugreport.java.com/bugreport/crash.jsp
#

---------------  T H R E A D  ---------------

Current thread (0x00007f9a10825800):  JavaThread "JDWP Transport Listener: dt_socket" daemon [_thread_in_vm, id=16899, stack(0x000070000b5a8000,0x000070000b6a8000)]

siginfo: si_signo: 11 (SIGSEGV), si_code: 0 (unknown), si_addr: 0x0000000000000000

Registers:
RAX=0x0000000000000001, RBX=0x000070000b6a7a8b, RCX=0x0000000106a81190, RDX=0x000070000b6a7a8b
RSP=0x000070000b6a79d0, RBP=0x000070000b6a79e0, RSI=0x00007f9a10825800, RDI=0x0002000000000000
R8 =0x0000000000000000, R9 =0x00007f9a0f73b080, R10=0x0000000000000001, R11=0x0000000000000001
R12=0x00007f9a10825800, R13=0x0002000000000000, R14=0x0002000000000000, R15=0x00007f9a0f700770
RIP=0x00000001066b9d10, EFLAGS=0x0000000000010206, ERR=0x0000000000000000
  TRAPNO=0x000000000000000d

Top of Stack: (sp=0x000070000b6a79d0)
0x000070000b6a79d0:   000070000b6a7a8b 000070000b6a7a8b
0x000070000b6a79e0:   000070000b6a7a40 00000001065ca0d6
0x000070000b6a79f0:   00007f9a10825800 0000000000000000
0x000070000b6a7a00:   0000000000000000 0000000000000000
0x000070000b6a7a10:   00007f9a10825800 00007f9a10825800
0x000070000b6a7a20:   000070000b6a7a8b 000070000b6a7a90
0x000070000b6a7a30:   0002000000000000 0000000000000003
0x000070000b6a7a40:   000070000b6a7a60 0000000107a55780
0x000070000b6a7a50:   0000000000000001 000070000b6a7b08
0x000070000b6a7a60:   000070000b6a7ad0 0000000107a3a1f3
0x000070000b6a7a70:   000070000b6a7aa0 00007f9a0f71ea80
0x000070000b6a7a80:   0000000400000032 00000009006a7b08
0x000070000b6a7a90:   0000000000000000 0000000000000000
0x000070000b6a7aa0:   0000000000000000 000070000b6a7c90
0x000070000b6a7ab0:   0000000107a5ce7a 00007f9a0f623f90
0x000070000b6a7ac0:   000070000b6a7b08 0000000107a68598
0x000070000b6a7ad0:   000070000b6a7ae0 0000000107a3a2ec
0x000070000b6a7ae0:   000070000b6a7d00 0000000107a43898
0x000070000b6a7af0:   000141ff00000013 00000000000f0200
0x000070000b6a7b00:   00007f9a0f6352c0 000070000b6a7c13
0x000070000b6a7b10:   00007f9a00000071 000070000b6a7b20
0x000070000b6a7b20:   00007f9a000000bb 000070000b6a7b58
0x000070000b6a7b30:   0000000000000000 0000000000000000
0x000070000b6a7b40:   000141ff0000000f 0000000000000080
0x000070000b6a7b50:   000070000b6a7b58 9a7f000004000000
0x000070000b6a7b60:   0c000000a879730f 526e4f65426e6163
0x000070000b6a7b70:   0600000065676e61 00005a2949494928
0x000070000b6a7b80:   00000a0000000000 00009879730f9a7f
0x000070000b6a7b90:   6863726165730600 616a4c2814000000
0x000070000b6a7ba0:   2f6c6974752f6176 4929493b7473694c
0x000070000b6a7bb0:   616a4c2829000000 2f6c6974752f6176
0x000070000b6a7bc0:   616a4c3c7473694c 2f676e616c2f6176 

Instructions: (pc=0x00000001066b9d10)
0x00000001066b9cf0:   40 48 48 85 c0 75 e0 30 c0 0f b6 c0 5d c3 31 c0
0x00000001066b9d00:   5d c3 55 48 89 e5 53 48 83 ec 08 48 85 ff 74 24
0x00000001066b9d10:   48 8b 1f 48 85 db 74 1c 48 83 fb 37 74 16 48 8b
0x00000001066b9d20:   03 48 89 df ff 50 10 84 c0 b8 00 00 00 00 48 0f 

Register to memory mapping:

RAX=0x0000000000000001 is an unknown value
RBX=0x000070000b6a7a8b is pointing into the stack for thread: 0x00007f9a10825800
RCX=0x0000000106a81190: UseMembar+0 in /Library/Java/JavaVirtualMachines/jdk1.8.0_45.jdk/Contents/Home/jre/lib/server/libjvm.dylib at 0x0000000106287000
RDX=0x000070000b6a7a8b is pointing into the stack for thread: 0x00007f9a10825800
RSP=0x000070000b6a79d0 is pointing into the stack for thread: 0x00007f9a10825800
RBP=0x000070000b6a79e0 is pointing into the stack for thread: 0x00007f9a10825800
RSI=0x00007f9a10825800 is a thread
RDI=0x0002000000000000 is an unknown value
R8 =0x0000000000000000 is an unknown value
R9 =0x00007f9a0f73b080 is an unknown value
R10=0x0000000000000001 is an unknown value
R11=0x0000000000000001 is an unknown value
R12=0x00007f9a10825800 is a thread
R13=0x0002000000000000 is an unknown value
R14=0x0002000000000000 is an unknown value
R15=0x00007f9a0f700770 is an unknown value


Stack: [0x000070000b5a8000,0x000070000b6a8000],  sp=0x000070000b6a79d0,  free space=1022k
Native frames: (J=compiled Java code, j=interpreted, Vv=VM code, C=native code)
V  [libjvm.dylib+0x432d10]  Method::checked_resolve_jmethod_id(_jmethodID*)+0xe
V  [libjvm.dylib+0x3430d6]  jvmti_IsMethodSynthetic+0xb2
C  [libjdwp.dylib+0x20780]  isMethodSynthetic+0x63
C  [libjdwp.dylib+0x51f3]  methods1+0x10b
C  [libjdwp.dylib+0x52ec]  methodsWithGeneric+0xe
C  [libjdwp.dylib+0xe898]  debugLoop_run+0x1ce
C  [libjdwp.dylib+0x1f6ba]  attachThread+0x4d
V  [libjvm.dylib+0x38401c]  JvmtiAgentThread::call_start_function()+0x38
V  [libjvm.dylib+0x549acf]  JavaThread::thread_main_inner()+0x9b
V  [libjvm.dylib+0x54b1c0]  JavaThread::run()+0x1c2
V  [libjvm.dylib+0x46ea7e]  java_start(Thread*)+0xf6
C  [libsystem_pthread.dylib+0x3aab]  _pthread_body+0xb4
C  [libsystem_pthread.dylib+0x39f7]  _pthread_body+0x0
C  [libsystem_pthread.dylib+0x31fd]  thread_start+0xd
C  0x0000000000000000


---------------  P R O C E S S  ---------------

Java Threads: ( => current thread )
  0x00007f9a1005e000 JavaThread "Service Thread" daemon [_thread_blocked, id=19971, stack(0x000070000bbba000,0x000070000bcba000)]
  0x00007f9a10834800 JavaThread "C1 CompilerThread2" daemon [_thread_blocked, id=19459, stack(0x000070000bab7000,0x000070000bbb7000)]
  0x00007f9a10834000 JavaThread "C2 CompilerThread1" daemon [_thread_blocked, id=18947, stack(0x000070000b9b4000,0x000070000bab4000)]
  0x00007f9a10055000 JavaThread "C2 CompilerThread0" daemon [_thread_blocked, id=18435, stack(0x000070000b8b1000,0x000070000b9b1000)]
  0x00007f9a11028800 JavaThread "JDWP Command Reader" daemon [_thread_in_native, id=17923, stack(0x000070000b7ae000,0x000070000b8ae000)]
  0x00007f9a1081f800 JavaThread "JDWP Event Helper Thread" daemon [_thread_blocked, id=17411, stack(0x000070000b6ab000,0x000070000b7ab000)]
=>0x00007f9a10825800 JavaThread "JDWP Transport Listener: dt_socket" daemon [_thread_in_vm, id=16899, stack(0x000070000b5a8000,0x000070000b6a8000)]
  0x00007f9a11025000 JavaThread "Signal Dispatcher" daemon [_thread_blocked, id=16387, stack(0x000070000b4a5000,0x000070000b5a5000)]
  0x00007f9a11017800 JavaThread "Finalizer" daemon [_thread_blocked, id=12547, stack(0x000070000b3a2000,0x000070000b4a2000)]
  0x00007f9a11017000 JavaThread "Reference Handler" daemon [_thread_blocked, id=12035, stack(0x000070000b29f000,0x000070000b39f000)]
  0x00007f9a11002000 JavaThread "main" [_thread_blocked, id=6915, stack(0x000070000ac8d000,0x000070000ad8d000)]

Other Threads:
  0x00007f9a11014800 VMThread [stack: 0x000070000b19c000,0x000070000b29c000] [id=11523]
  0x00007f9a1005e800 WatcherThread [stack: 0x000070000bcbd000,0x000070000bdbd000] [id=20483]

VM state:not at safepoint (normal execution)

VM Mutex/Monitor currently owned by a thread: None

Heap:
 PSYoungGen      total 18944K, used 5927K [0x00000007aab00000, 0x00000007ac000000, 0x00000007c0000000)
  eden space 16384K, 36% used [0x00000007aab00000,0x00000007ab0c9d50,0x00000007abb00000)
  from space 2560K, 0% used [0x00000007abd80000,0x00000007abd80000,0x00000007ac000000)
  to   space 2560K, 0% used [0x00000007abb00000,0x00000007abb00000,0x00000007abd80000)
 ParOldGen       total 44032K, used 0K [0x0000000780000000, 0x0000000782b00000, 0x00000007aab00000)
  object space 44032K, 0% used [0x0000000780000000,0x0000000780000000,0x0000000782b00000)
 Metaspace       used 4667K, capacity 5254K, committed 5504K, reserved 1056768K
  class space    used 543K, capacity 561K, committed 640K, reserved 1048576K

Card table byte_map: [0x0000000107e55000,0x0000000108056000] byte_map_base: 0x0000000104255000

Marking Bits: (ParMarkBitMap*) 0x0000000106b497a0
 Begin Bits: [0x00000001081ac000, 0x00000001091ac000)
 End Bits:   [0x00000001091ac000, 0x000000010a1ac000)

Polling page: 0x00000001071fe000

CodeCache: size=245760Kb used=1715Kb max_used=1731Kb free=244044Kb
 bounds [0x000000010b772000, 0x000000010b9e2000, 0x000000011a772000]
 total_blobs=535 nmethods=279 adapters=178
 compilation: enabled

Compilation events (10 events):
Event: 0.620 Thread 0x00007f9a10834800 nmethod 275 0x000000010b910310 code [0x000000010b910480, 0x000000010b910748]
Event: 0.620 Thread 0x00007f9a10834800  276       3       java.lang.String::lastIndexOf (25 bytes)
Event: 0.620 Thread 0x00007f9a10834800 nmethod 276 0x000000010b90fe90 code [0x000000010b910000, 0x000000010b9101e8]
Event: 0.624 Thread 0x00007f9a10055000  277  s!   4       sun.misc.URLClassPath::getLoader (197 bytes)
Event: 0.628 Thread 0x00007f9a10834000 nmethod 271 0x000000010b90f650 code [0x000000010b90f7c0, 0x000000010b90fcd8]
Event: 0.628 Thread 0x00007f9a10834000  278  s    4       sun.misc.URLClassPath::getNextLoader (88 bytes)
Event: 0.630 Thread 0x00007f9a10834800  279   !   3       sun.misc.URLClassPath$JarLoader::getResource (349 bytes)
Event: 0.638 Thread 0x00007f9a10834800 nmethod 279 0x000000010b918d50 code [0x000000010b9191e0, 0x000000010b91b558]
Event: 0.666 Thread 0x00007f9a10055000 nmethod 277 0x000000010b9202d0 code [0x000000010b920560, 0x000000010b9218f0]
Event: 0.674 Thread 0x00007f9a10834000 nmethod 278 0x000000010b922810 code [0x000000010b922aa0, 0x000000010b923e90]

GC Heap History (0 events):
No events

Deoptimization events (0 events):
No events

Internal exceptions (7 events):
Event: 0.078 Thread 0x00007f9a11002000 Exception <a 'java/lang/NoSuchMethodError': Method sun.misc.Unsafe.defineClass(Ljava/lang/String;[BII)Ljava/lang/Class; name or signature does not match> (0x00000007aab12db0) thrown at [/Users/java_re/workspace/8-2-build-macosx-x86_64/jdk8u45/3457/hotspot
Event: 0.078 Thread 0x00007f9a11002000 Exception <a 'java/lang/NoSuchMethodError': Method sun.misc.Unsafe.prefetchRead(Ljava/lang/Object;J)V name or signature does not match> (0x00000007aab13040) thrown at [/Users/java_re/workspace/8-2-build-macosx-x86_64/jdk8u45/3457/hotspot/src/share/vm/prim
Event: 0.376 Thread 0x00007f9a11002000 Exception <a 'java/io/FileNotFoundException'> (0x00000007aad5a0a8) thrown at [/Users/java_re/workspace/8-2-build-macosx-x86_64/jdk8u45/3457/hotspot/src/share/vm/prims/jni.cpp, line 709]
Event: 0.415 Thread 0x00007f9a11002000 Exception <a 'java/security/PrivilegedActionException'> (0x00000007aad9e910) thrown at [/Users/java_re/workspace/8-2-build-macosx-x86_64/jdk8u45/3457/hotspot/src/share/vm/prims/jvm.cpp, line 1382]
Event: 0.415 Thread 0x00007f9a11002000 Exception <a 'java/security/PrivilegedActionException'> (0x00000007aad9eac8) thrown at [/Users/java_re/workspace/8-2-build-macosx-x86_64/jdk8u45/3457/hotspot/src/share/vm/prims/jvm.cpp, line 1382]
Event: 0.416 Thread 0x00007f9a11002000 Exception <a 'java/security/PrivilegedActionException'> (0x00000007aada1cb8) thrown at [/Users/java_re/workspace/8-2-build-macosx-x86_64/jdk8u45/3457/hotspot/src/share/vm/prims/jvm.cpp, line 1382]
Event: 0.416 Thread 0x00007f9a11002000 Exception <a 'java/security/PrivilegedActionException'> (0x00000007aada1e70) thrown at [/Users/java_re/workspace/8-2-build-macosx-x86_64/jdk8u45/3457/hotspot/src/share/vm/prims/jvm.cpp, line 1382]

Events (10 events):
Event: 159161.982 Executing VM operation: ChangeBreakpoints
Event: 159161.983 Executing VM operation: ChangeBreakpoints done
Event: 159161.983 Executing VM operation: ChangeBreakpoints
Event: 159161.983 Executing VM operation: ChangeBreakpoints done
Event: 159161.984 Executing VM operation: ChangeBreakpoints
Event: 159161.984 Executing VM operation: ChangeBreakpoints done
Event: 159161.997 Executing VM operation: RedefineClasses
Event: 159162.027 Executing VM operation: RedefineClasses done
Event: 159162.085 Executing VM operation: ChangeBreakpoints
Event: 159162.085 Executing VM operation: ChangeBreakpoints done


Dynamic libraries:
0x000000001aa60000 	/System/Library/Frameworks/Cocoa.framework/Versions/A/Cocoa
0x000000001aa60000 	/System/Library/Frameworks/Security.framework/Versions/A/Security
0x000000001aa60000 	/System/Library/Frameworks/ApplicationServices.framework/Versions/A/ApplicationServices
0x000000001aa60000 	/usr/lib/libz.1.dylib
0x000000001aa60000 	/usr/lib/libSystem.B.dylib
0x000000001aa60000 	/usr/lib/libobjc.A.dylib
0x000000001aa60000 	/System/Library/Frameworks/CoreFoundation.framework/Versions/A/CoreFoundation
0x000000001aa60000 	/System/Library/Frameworks/Foundation.framework/Versions/C/Foundation
0x000000001aa60000 	/System/Library/Frameworks/AppKit.framework/Versions/C/AppKit
0x000000001aa60000 	/System/Library/Frameworks/CoreData.framework/Versions/A/CoreData
0x000000001aa60000 	/System/Library/PrivateFrameworks/RemoteViewServices.framework/Versions/A/RemoteViewServices
0x000000001aa60000 	/System/Library/PrivateFrameworks/UIFoundation.framework/Versions/A/UIFoundation
0x000000001aa60000 	/System/Library/PrivateFrameworks/DFRFoundation.framework/Versions/A/DFRFoundation
0x000000001aa60000 	/usr/lib/libenergytrace.dylib
0x000000001aa60000 	/System/Library/PrivateFrameworks/SkyLight.framework/Versions/A/SkyLight
0x000000001aa60000 	/System/Library/Frameworks/CoreGraphics.framework/Versions/A/CoreGraphics
0x000000001aa60000 	/usr/lib/libScreenReader.dylib
0x000000001aa60000 	/System/Library/Frameworks/Accelerate.framework/Versions/A/Accelerate
0x000000001aa60000 	/System/Library/Frameworks/IOSurface.framework/Versions/A/IOSurface
0x000000001aa60000 	/System/Library/Frameworks/AudioToolbox.framework/Versions/A/AudioToolbox
0x000000001aa60000 	/System/Library/Frameworks/AudioUnit.framework/Versions/A/AudioUnit
0x000000001aa60000 	/System/Library/PrivateFrameworks/DataDetectorsCore.framework/Versions/A/DataDetectorsCore
0x000000001aa60000 	/System/Library/PrivateFrameworks/DesktopServicesPriv.framework/Versions/A/DesktopServicesPriv
0x000000001aa60000 	/System/Library/Frameworks/Carbon.framework/Versions/A/Frameworks/HIToolbox.framework/Versions/A/HIToolbox
0x000000001aa60000 	/usr/lib/libicucore.A.dylib
0x000000001aa60000 	/System/Library/Frameworks/QuartzCore.framework/Versions/A/QuartzCore
0x000000001aa60000 	/System/Library/Frameworks/Carbon.framework/Versions/A/Frameworks/SpeechRecognition.framework/Versions/A/SpeechRecognition
0x000000001aa60000 	/usr/lib/libauto.dylib
0x000000001aa60000 	/usr/lib/libxml2.2.dylib
0x000000001aa60000 	/System/Library/PrivateFrameworks/CoreUI.framework/Versions/A/CoreUI
0x000000001aa60000 	/System/Library/Frameworks/CoreAudio.framework/Versions/A/CoreAudio
0x000000001aa60000 	/System/Library/Frameworks/DiskArbitration.framework/Versions/A/DiskArbitration
0x000000001aa60000 	/usr/lib/liblangid.dylib
0x000000001aa60000 	/System/Library/PrivateFrameworks/MultitouchSupport.framework/Versions/A/MultitouchSupport
0x000000001aa60000 	/System/Library/Frameworks/IOKit.framework/Versions/A/IOKit
0x000000001aa60000 	/usr/lib/libDiagnosticMessagesClient.dylib
0x000000001aa60000 	/System/Library/Frameworks/CoreServices.framework/Versions/A/CoreServices
0x000000001aa60000 	/System/Library/PrivateFrameworks/PerformanceAnalysis.framework/Versions/A/PerformanceAnalysis
0x000000001aa60000 	/System/Library/PrivateFrameworks/GenerationalStorage.framework/Versions/A/GenerationalStorage
0x000000001aa60000 	/System/Library/Frameworks/OpenGL.framework/Versions/A/OpenGL
0x000000001aa60000 	/System/Library/Frameworks/CoreImage.framework/Versions/A/CoreImage
0x000000001aa60000 	/System/Library/Frameworks/CoreText.framework/Versions/A/CoreText
0x000000001aa60000 	/System/Library/Frameworks/ImageIO.framework/Versions/A/ImageIO
0x000000001aa60000 	/System/Library/PrivateFrameworks/Backup.framework/Versions/A/Backup
0x000000001aa60000 	/usr/lib/libarchive.2.dylib
0x000000001aa60000 	/System/Library/Frameworks/CFNetwork.framework/Versions/A/CFNetwork
0x000000001aa60000 	/System/Library/Frameworks/SystemConfiguration.framework/Versions/A/SystemConfiguration
0x000000001aa60000 	/usr/lib/libCRFSuite.dylib
0x000000001aa60000 	/usr/lib/libc++.1.dylib
0x000000001aa60000 	/usr/lib/libc++abi.dylib
0x000000001aa60000 	/usr/lib/system/libcache.dylib
0x000000001aa60000 	/usr/lib/system/libcommonCrypto.dylib
0x000000001aa60000 	/usr/lib/system/libcompiler_rt.dylib
0x000000001aa60000 	/usr/lib/system/libcopyfile.dylib
0x000000001aa60000 	/usr/lib/system/libcorecrypto.dylib
0x000000001aa60000 	/usr/lib/system/libdispatch.dylib
0x000000001aa60000 	/usr/lib/system/libdyld.dylib
0x000000001aa60000 	/usr/lib/system/libkeymgr.dylib
0x000000001aa60000 	/usr/lib/system/liblaunch.dylib
0x000000001aa60000 	/usr/lib/system/libmacho.dylib
0x000000001aa60000 	/usr/lib/system/libquarantine.dylib
0x000000001aa60000 	/usr/lib/system/libremovefile.dylib
0x000000001aa60000 	/usr/lib/system/libsystem_asl.dylib
0x000000001aa60000 	/usr/lib/system/libsystem_blocks.dylib
0x000000001aa60000 	/usr/lib/system/libsystem_c.dylib
0x000000001aa60000 	/usr/lib/system/libsystem_configuration.dylib
0x000000001aa60000 	/usr/lib/system/libsystem_coreservices.dylib
0x000000001aa60000 	/usr/lib/system/libsystem_coretls.dylib
0x000000001aa60000 	/usr/lib/system/libsystem_dnssd.dylib
0x000000001aa60000 	/usr/lib/system/libsystem_info.dylib
0x000000001aa60000 	/usr/lib/system/libsystem_kernel.dylib
0x000000001aa60000 	/usr/lib/system/libsystem_m.dylib
0x000000001aa60000 	/usr/lib/system/libsystem_malloc.dylib
0x000000001aa60000 	/usr/lib/system/libsystem_network.dylib
0x000000001aa60000 	/usr/lib/system/libsystem_networkextension.dylib
0x000000001aa60000 	/usr/lib/system/libsystem_notify.dylib
0x000000001aa60000 	/usr/lib/system/libsystem_platform.dylib
0x000000001aa60000 	/usr/lib/system/libsystem_pthread.dylib
0x000000001aa60000 	/usr/lib/system/libsystem_sandbox.dylib
0x000000001aa60000 	/usr/lib/system/libsystem_secinit.dylib
0x000000001aa60000 	/usr/lib/system/libsystem_symptoms.dylib
0x000000001aa60000 	/usr/lib/system/libsystem_trace.dylib
0x000000001aa60000 	/usr/lib/system/libunwind.dylib
0x000000001aa60000 	/usr/lib/system/libxpc.dylib
0x000000001aa60000 	/usr/lib/libbsm.0.dylib
0x000000001aa60000 	/usr/lib/system/libkxld.dylib
0x000000001aa60000 	/usr/lib/libcoretls.dylib
0x000000001aa60000 	/usr/lib/libcoretls_cfhelpers.dylib
0x000000001aa60000 	/usr/lib/libxar.1.dylib
0x000000001aa60000 	/usr/lib/libsqlite3.dylib
0x000000001aa60000 	/usr/lib/libpam.2.dylib
0x000000001aa60000 	/usr/lib/libOpenScriptingUtil.dylib
0x000000001aa60000 	/usr/lib/libbz2.1.0.dylib
0x000000001aa60000 	/usr/lib/liblzma.5.dylib
0x000000001aa60000 	/usr/lib/libnetwork.dylib
0x000000001aa60000 	/usr/lib/libpcap.A.dylib
0x000000001aa60000 	/System/Library/Frameworks/CoreServices.framework/Versions/A/Frameworks/FSEvents.framework/Versions/A/FSEvents
0x000000001aa60000 	/System/Library/Frameworks/CoreServices.framework/Versions/A/Frameworks/CarbonCore.framework/Versions/A/CarbonCore
0x000000001aa60000 	/System/Library/Frameworks/CoreServices.framework/Versions/A/Frameworks/Metadata.framework/Versions/A/Metadata
0x000000001aa60000 	/System/Library/Frameworks/CoreServices.framework/Versions/A/Frameworks/OSServices.framework/Versions/A/OSServices
0x000000001aa60000 	/System/Library/Frameworks/CoreServices.framework/Versions/A/Frameworks/SearchKit.framework/Versions/A/SearchKit
0x000000001aa60000 	/System/Library/Frameworks/CoreServices.framework/Versions/A/Frameworks/AE.framework/Versions/A/AE
0x000000001aa60000 	/System/Library/Frameworks/CoreServices.framework/Versions/A/Frameworks/LaunchServices.framework/Versions/A/LaunchServices
0x000000001aa60000 	/System/Library/Frameworks/CoreServices.framework/Versions/A/Frameworks/DictionaryServices.framework/Versions/A/DictionaryServices
0x000000001aa60000 	/System/Library/Frameworks/CoreServices.framework/Versions/A/Frameworks/SharedFileList.framework/Versions/A/SharedFileList
0x000000001aa60000 	/System/Library/Frameworks/NetFS.framework/Versions/A/NetFS
0x000000001aa60000 	/System/Library/PrivateFrameworks/NetAuth.framework/Versions/A/NetAuth
0x000000001aa60000 	/System/Library/PrivateFrameworks/login.framework/Versions/A/Frameworks/loginsupport.framework/Versions/A/loginsupport
0x000000001aa60000 	/System/Library/PrivateFrameworks/TCC.framework/Versions/A/TCC
0x000000001aa60000 	/usr/lib/libmecabra.dylib
0x000000001aa60000 	/System/Library/Frameworks/ApplicationServices.framework/Versions/A/Frameworks/ATS.framework/Versions/A/ATS
0x000000001aa60000 	/System/Library/Frameworks/ApplicationServices.framework/Versions/A/Frameworks/ColorSync.framework/Versions/A/ColorSync
0x000000001aa60000 	/System/Library/Frameworks/ApplicationServices.framework/Versions/A/Frameworks/HIServices.framework/Versions/A/HIServices
0x000000001aa60000 	/System/Library/Frameworks/ApplicationServices.framework/Versions/A/Frameworks/LangAnalysis.framework/Versions/A/LangAnalysis
0x000000001aa60000 	/System/Library/Frameworks/ApplicationServices.framework/Versions/A/Frameworks/PrintCore.framework/Versions/A/PrintCore
0x000000001aa60000 	/System/Library/Frameworks/ApplicationServices.framework/Versions/A/Frameworks/QD.framework/Versions/A/QD
0x000000001aa60000 	/System/Library/Frameworks/ApplicationServices.framework/Versions/A/Frameworks/SpeechSynthesis.framework/Versions/A/SpeechSynthesis
0x000000001aa60000 	/System/Library/Frameworks/Accelerate.framework/Versions/A/Frameworks/vImage.framework/Versions/A/vImage
0x000000001aa60000 	/System/Library/Frameworks/Accelerate.framework/Versions/A/Frameworks/vecLib.framework/Versions/A/vecLib
0x000000001aa60000 	/System/Library/Frameworks/Accelerate.framework/Versions/A/Frameworks/vecLib.framework/Versions/A/libvDSP.dylib
0x000000001aa60000 	/System/Library/Frameworks/Accelerate.framework/Versions/A/Frameworks/vecLib.framework/Versions/A/libBNNS.dylib
0x000000001aa60000 	/System/Library/Frameworks/Accelerate.framework/Versions/A/Frameworks/vecLib.framework/Versions/A/libQuadrature.dylib
0x000000001aa60000 	/System/Library/Frameworks/Accelerate.framework/Versions/A/Frameworks/vecLib.framework/Versions/A/libvMisc.dylib
0x000000001aa60000 	/System/Library/Frameworks/Accelerate.framework/Versions/A/Frameworks/vecLib.framework/Versions/A/libLAPACK.dylib
0x000000001aa60000 	/System/Library/Frameworks/Accelerate.framework/Versions/A/Frameworks/vecLib.framework/Versions/A/libBLAS.dylib
0x000000001aa60000 	/System/Library/Frameworks/Accelerate.framework/Versions/A/Frameworks/vecLib.framework/Versions/A/libLinearAlgebra.dylib
0x000000001aa60000 	/System/Library/Frameworks/Accelerate.framework/Versions/A/Frameworks/vecLib.framework/Versions/A/libSparseBLAS.dylib
0x000000001aa60000 	/System/Library/Frameworks/ApplicationServices.framework/Versions/A/Frameworks/ATS.framework/Versions/A/Resources/libFontParser.dylib
0x000000001aa60000 	/System/Library/Frameworks/ApplicationServices.framework/Versions/A/Frameworks/ATS.framework/Versions/A/Resources/libFontRegistry.dylib
0x000000001aa60000 	/System/Library/Frameworks/ImageIO.framework/Versions/A/Resources/libJPEG.dylib
0x000000001aa60000 	/System/Library/Frameworks/ImageIO.framework/Versions/A/Resources/libTIFF.dylib
0x000000001aa60000 	/System/Library/Frameworks/ImageIO.framework/Versions/A/Resources/libPng.dylib
0x000000001aa60000 	/System/Library/Frameworks/ImageIO.framework/Versions/A/Resources/libGIF.dylib
0x000000001aa60000 	/System/Library/Frameworks/ImageIO.framework/Versions/A/Resources/libJP2.dylib
0x000000001aa60000 	/System/Library/Frameworks/ImageIO.framework/Versions/A/Resources/libRadiance.dylib
0x000000001aa60000 	/usr/lib/libcompression.dylib
0x000000001aa60000 	/System/Library/PrivateFrameworks/AppleJPEG.framework/Versions/A/AppleJPEG
0x000000001aa60000 	/usr/lib/libcups.2.dylib
0x000000001aa60000 	/System/Library/Frameworks/Kerberos.framework/Versions/A/Kerberos
0x000000001aa60000 	/System/Library/Frameworks/GSS.framework/Versions/A/GSS
0x000000001aa60000 	/usr/lib/libresolv.9.dylib
0x000000001aa60000 	/usr/lib/libiconv.2.dylib
0x000000001aa60000 	/System/Library/PrivateFrameworks/Heimdal.framework/Versions/A/Heimdal
0x000000001aa60000 	/usr/lib/libheimdal-asn1.dylib
0x000000001aa60000 	/System/Library/Frameworks/OpenDirectory.framework/Versions/A/OpenDirectory
0x000000001aa60000 	/System/Library/PrivateFrameworks/CommonAuth.framework/Versions/A/CommonAuth
0x000000001aa60000 	/System/Library/Frameworks/OpenDirectory.framework/Versions/A/Frameworks/CFOpenDirectory.framework/Versions/A/CFOpenDirectory
0x000000001aa60000 	/System/Library/Frameworks/SecurityFoundation.framework/Versions/A/SecurityFoundation
0x000000001aa60000 	/System/Library/PrivateFrameworks/LanguageModeling.framework/Versions/A/LanguageModeling
0x000000001aa60000 	/usr/lib/libmarisa.dylib
0x000000001aa60000 	/usr/lib/libChineseTokenizer.dylib
0x000000001aa60000 	/usr/lib/libcmph.dylib
0x000000001aa60000 	/System/Library/PrivateFrameworks/CoreEmoji.framework/Versions/A/CoreEmoji
0x000000001aa60000 	/System/Library/Frameworks/ServiceManagement.framework/Versions/A/ServiceManagement
0x000000001aa60000 	/usr/lib/libxslt.1.dylib
0x000000001aa60000 	/System/Library/Frameworks/Carbon.framework/Versions/A/Frameworks/Ink.framework/Versions/A/Ink
0x000000001aa60000 	/System/Library/PrivateFrameworks/TextureIO.framework/Versions/A/TextureIO
0x000000001aa60000 	/System/Library/Frameworks/Metal.framework/Versions/A/Metal
0x000000001aa60000 	/usr/lib/libate.dylib
0x000000001aa60000 	/System/Library/PrivateFrameworks/GPUCompiler.framework/libmetal_timestamp.dylib
0x000000001aa60000 	/System/Library/Frameworks/OpenGL.framework/Versions/A/Libraries/libCoreFSCache.dylib
0x000000001aa60000 	/System/Library/PrivateFrameworks/IOAccelerator.framework/Versions/A/IOAccelerator
0x000000001aa60000 	/System/Library/Frameworks/CoreVideo.framework/Versions/A/CoreVideo
0x000000001aa60000 	/usr/lib/libFosl_dynamic.dylib
0x000000001aa60000 	/System/Library/PrivateFrameworks/MetalPerformanceShaders.framework/Versions/A/MetalPerformanceShaders
0x000000001aa60000 	/System/Library/PrivateFrameworks/FaceCore.framework/Versions/A/FaceCore
0x000000001aa60000 	/System/Library/Frameworks/OpenCL.framework/Versions/A/OpenCL
0x000000001aa60000 	/System/Library/Frameworks/OpenGL.framework/Versions/A/Libraries/libGLU.dylib
0x000000001aa60000 	/System/Library/Frameworks/OpenGL.framework/Versions/A/Libraries/libGFXShared.dylib
0x000000001aa60000 	/System/Library/Frameworks/OpenGL.framework/Versions/A/Libraries/libGL.dylib
0x000000001aa60000 	/System/Library/Frameworks/OpenGL.framework/Versions/A/Libraries/libGLImage.dylib
0x000000001aa60000 	/System/Library/Frameworks/OpenGL.framework/Versions/A/Libraries/libCVMSPluginSupport.dylib
0x000000001aa60000 	/System/Library/Frameworks/OpenGL.framework/Versions/A/Libraries/libCoreVMClient.dylib
0x000000001aa60000 	/System/Library/PrivateFrameworks/CrashReporterSupport.framework/Versions/A/CrashReporterSupport
0x000000001aa60000 	/System/Library/PrivateFrameworks/Sharing.framework/Versions/A/Sharing
0x000000001aa60000 	/System/Library/PrivateFrameworks/IconServices.framework/Versions/A/IconServices
0x000000001aa60000 	/System/Library/PrivateFrameworks/ProtocolBuffer.framework/Versions/A/ProtocolBuffer
0x000000001aa60000 	/System/Library/PrivateFrameworks/Apple80211.framework/Versions/A/Apple80211
0x000000001aa60000 	/System/Library/Frameworks/CoreWLAN.framework/Versions/A/CoreWLAN
0x000000001aa60000 	/System/Library/PrivateFrameworks/CoreUtils.framework/Versions/A/CoreUtils
0x000000001aa60000 	/System/Library/Frameworks/IOBluetooth.framework/Versions/A/IOBluetooth
0x000000001aa60000 	/System/Library/PrivateFrameworks/CoreWiFi.framework/Versions/A/CoreWiFi
0x000000001aa60000 	/System/Library/Frameworks/CoreBluetooth.framework/Versions/A/CoreBluetooth
0x000000001aa60000 	/System/Library/Frameworks/CoreDisplay.framework/Versions/A/CoreDisplay
0x000000001aa60000 	/System/Library/PrivateFrameworks/IOPresentment.framework/Versions/A/IOPresentment
0x000000001aa60000 	/System/Library/PrivateFrameworks/DebugSymbols.framework/Versions/A/DebugSymbols
0x000000001aa60000 	/System/Library/PrivateFrameworks/CoreSymbolication.framework/Versions/A/CoreSymbolication
0x000000001aa60000 	/System/Library/PrivateFrameworks/Symbolication.framework/Versions/A/Symbolication
0x000000001aa60000 	/System/Library/PrivateFrameworks/AppleFSCompression.framework/Versions/A/AppleFSCompression
0x000000001aa60000 	/System/Library/PrivateFrameworks/SpeechRecognitionCore.framework/Versions/A/SpeechRecognitionCore
0x000000001aa60000 	/System/Library/PrivateFrameworks/ChunkingLibrary.framework/Versions/A/ChunkingLibrary
0x0000000106287000 	/Library/Java/JavaVirtualMachines/jdk1.8.0_45.jdk/Contents/Home/jre/lib/server/libjvm.dylib
0x000000001aa60000 	/usr/lib/libstdc++.6.dylib
0x00000001071f0000 	/Library/Java/JavaVirtualMachines/jdk1.8.0_45.jdk/Contents/Home/jre/lib/libverify.dylib
0x0000000107a00000 	/Library/Java/JavaVirtualMachines/jdk1.8.0_45.jdk/Contents/Home/jre/lib/libjava.dylib
0x0000000107a35000 	/Library/Java/JavaVirtualMachines/jdk1.8.0_45.jdk/Contents/Home/jre/lib/libjdwp.dylib
0x0000000107a80000 	/Library/Java/JavaVirtualMachines/jdk1.8.0_45.jdk/Contents/Home/jre/lib/libnpt.dylib
0x0000000107a8c000 	/Library/Java/JavaVirtualMachines/jdk1.8.0_45.jdk/Contents/Home/jre/lib/libzip.dylib
0x000000010b68f000 	/System/Library/Frameworks/JavaVM.framework/Frameworks/JavaRuntimeSupport.framework/JavaRuntimeSupport
0x000000010b6a9000 	/System/Library/Frameworks/JavaVM.framework/Versions/A/Frameworks/JavaNativeFoundation.framework/Versions/A/JavaNativeFoundation
0x000000010b6be000 	/System/Library/Frameworks/JavaVM.framework/Versions/A/JavaVM
0x000000001aa60000 	/System/Library/Frameworks/Carbon.framework/Versions/A/Carbon
0x000000010b6cb000 	/System/Library/PrivateFrameworks/JavaLaunching.framework/Versions/A/JavaLaunching
0x000000001aa60000 	/System/Library/Frameworks/Carbon.framework/Versions/A/Frameworks/CommonPanels.framework/Versions/A/CommonPanels
0x000000001aa60000 	/System/Library/Frameworks/Carbon.framework/Versions/A/Frameworks/Help.framework/Versions/A/Help
0x000000001aa60000 	/System/Library/Frameworks/Carbon.framework/Versions/A/Frameworks/ImageCapture.framework/Versions/A/ImageCapture
0x000000001aa60000 	/System/Library/Frameworks/Carbon.framework/Versions/A/Frameworks/OpenScripting.framework/Versions/A/OpenScripting
0x000000001aa60000 	/System/Library/Frameworks/Carbon.framework/Versions/A/Frameworks/Print.framework/Versions/A/Print
0x000000001aa60000 	/System/Library/Frameworks/Carbon.framework/Versions/A/Frameworks/SecurityHI.framework/Versions/A/SecurityHI
0x000000010b6df000 	/Library/Java/JavaVirtualMachines/jdk1.8.0_45.jdk/Contents/Home/jre/lib/libdt_socket.dylib

VM Arguments:
jvm_args: -agentlib:jdwp=transport=dt_socket,address=127.0.0.1:53894,suspend=y,server=n -ea -Didea.junit.sm_runner -Dfile.encoding=UTF-8 
java_command: com.intellij.rt.execution.junit.JUnitStarter -ideVersion5 RotatedSortedArraySearchTest,test3
java_class_path (initial): /Applications/IntelliJ IDEA.app/Contents/lib/idea_rt.jar:/Applications/IntelliJ IDEA.app/Contents/plugins/junit/lib/junit-rt.jar:/Library/Java/JavaVirtualMachines/jdk1.8.0_45.jdk/Contents/Home/jre/lib/charsets.jar:/Library/Java/JavaVirtualMachines/jdk1.8.0_45.jdk/Contents/Home/jre/lib/deploy.jar:/Library/Java/JavaVirtualMachines/jdk1.8.0_45.jdk/Contents/Home/jre/lib/ext/cldrdata.jar:/Library/Java/JavaVirtualMachines/jdk1.8.0_45.jdk/Contents/Home/jre/lib/ext/dnsns.jar:/Library/Java/JavaVirtualMachines/jdk1.8.0_45.jdk/Contents/Home/jre/lib/ext/jfxrt.jar:/Library/Java/JavaVirtualMachines/jdk1.8.0_45.jdk/Contents/Home/jre/lib/ext/localedata.jar:/Library/Java/JavaVirtualMachines/jdk1.8.0_45.jdk/Contents/Home/jre/lib/ext/nashorn.jar:/Library/Java/JavaVirtualMachines/jdk1.8.0_45.jdk/Contents/Home/jre/lib/ext/sunec.jar:/Library/Java/JavaVirtualMachines/jdk1.8.0_45.jdk/Contents/Home/jre/lib/ext/sunjce_provider.jar:/Library/Java/JavaVirtualMachines/jdk1.8.0_45.jdk/Contents/Home/jre/lib/ext/sunpkcs11.jar:/Library/Java/JavaVirtualMachines/jdk1.8.0_45.jdk/Contents/Home/jre/lib/ext/zipfs.jar:/Library/Java/JavaVirtualMachines/jdk1.8.0_45.jdk/Contents/Home/jre/lib/javaws.jar:/Library/Java/JavaVirtualMachines/jdk1.8.0_45.jdk/Contents/Home/jre/lib/jce.jar:/Library/Java/JavaVirtualMachines/jdk1.8.0_45.jdk/Contents/Home/jre/lib/jfr.jar:/Library/Java/JavaVirtualMachines/jdk1.8.0_45.jdk/Contents/Home/jre/lib/jfxswt.jar:/Library/Java/JavaVirtualMachines/jdk1.8.0_45.jdk/Contents/Home/jre/lib/jsse.jar:/Library/Java/JavaVirtualMachines/jdk1.8.0_45.jdk/Contents/Home/jre/lib/management-agent.jar:/Library/Java/JavaVirtualMachines/jdk1.8.0_45.jdk/Contents/Home/jre/lib/plugin.jar:/Library/Java/JavaVirtualMachines/jdk1.8.0_45.jdk/Contents/Home/jre/lib/resources.jar:/Library/Java/JavaVirtualMachines/jdk1.8.0_45.jdk/Contents/Home/jre/lib/rt.jar:/Library/Java/JavaVirtualMachines/jdk1.8.0_45.jdk/Contents/Home/lib/ant-javafx.jar:/Library/Java/JavaVirtualMachines/jdk1.8.0_45
Launcher Type: SUN_STANDARD

Environment Variables:
PATH=/usr/local/bin:/usr/bin:/bin:/usr/sbin:/sbin:/usr/local/git/bin
SHELL=/bin/bash

Signal Handlers:
SIGSEGV: [libjvm.dylib+0x58ef95], sa_mask[0]=11111111011111110111111111111111, sa_flags=SA_ONSTACK|SA_RESTART|SA_SIGINFO
SIGBUS: [libjvm.dylib+0x58ef95], sa_mask[0]=11111111011111110111111111111111, sa_flags=SA_RESTART|SA_SIGINFO
SIGFPE: [libjvm.dylib+0x46c108], sa_mask[0]=11111111011111110111111111111111, sa_flags=SA_RESTART|SA_SIGINFO
SIGPIPE: [libjvm.dylib+0x46c108], sa_mask[0]=11111111011111110111111111111111, sa_flags=SA_RESTART|SA_SIGINFO
SIGXFSZ: [libjvm.dylib+0x46c108], sa_mask[0]=11111111011111110111111111111111, sa_flags=SA_RESTART|SA_SIGINFO
SIGILL: [libjvm.dylib+0x46c108], sa_mask[0]=11111111011111110111111111111111, sa_flags=SA_RESTART|SA_SIGINFO
SIGUSR1: SIG_DFL, sa_mask[0]=00000000000000000000000000000000, sa_flags=none
SIGUSR2: [libjvm.dylib+0x46bc26], sa_mask[0]=00100000000000000000000000000000, sa_flags=SA_RESTART|SA_SIGINFO
SIGHUP: [libjvm.dylib+0x46a1f9], sa_mask[0]=11111111011111110111111111111111, sa_flags=SA_RESTART|SA_SIGINFO
SIGINT: [libjvm.dylib+0x46a1f9], sa_mask[0]=11111111011111110111111111111111, sa_flags=SA_RESTART|SA_SIGINFO
SIGTERM: [libjvm.dylib+0x46a1f9], sa_mask[0]=11111111011111110111111111111111, sa_flags=SA_RESTART|SA_SIGINFO
SIGQUIT: [libjvm.dylib+0x46a1f9], sa_mask[0]=11111111011111110111111111111111, sa_flags=SA_RESTART|SA_SIGINFO


---------------  S Y S T E M  ---------------

OS:Bsduname:Darwin 16.4.0 Darwin Kernel Version 16.4.0: Thu Dec 22 22:53:21 PST 2016; root:xnu-3789.41.3~3/RELEASE_X86_64 x86_64
rlimit: STACK 8192k, CORE 0k, NPROC 709, NOFILE 10240, AS infinity
load average:8.27 7.20 6.12

CPU:total 4 (2 cores per cpu, 2 threads per core) family 6 model 58 stepping 9, cmov, cx8, fxsr, mmx, sse, sse2, sse3, ssse3, sse4.1, sse4.2, popcnt, avx, aes, clmul, erms, ht, tsc, tscinvbit, tscinv

Memory: 4k page, physical 4194304k(57652k free)

/proc/meminfo:


vm_info: Java HotSpot(TM) 64-Bit Server VM (25.45-b02) for bsd-amd64 JRE (1.8.0_45-b14), built on Apr 10 2015 10:46:38 by "java_re" with gcc 4.2.1 (Based on Apple Inc. build 5658) (LLVM build 2336.11.00)

time: Tue Mar  7 22:50:26 2017
elapsed time: 159162 seconds (1d 20h 12m 42s)

